<?xml version="1.0" encoding="UTF-8"?>
<!-- Generated by org.testng.reporters.JUnitReportReporter -->
<testsuite hostname="DESKTOP-8C2ENBF" failures="0" tests="3" name="TestNGAnnotations.priorityTestNG" time="0.025" errors="0" timestamp="2025-10-21T00:29:30 IST" skipped="0">
  <testcase classname="TestNGAnnotations.priorityTestNG" name="logout" time="0.019"/>
  <testcase classname="TestNGAnnotations.priorityTestNG" name="login" time="0.003"/>
  <testcase classname="TestNGAnnotations.priorityTestNG" name="navigatetologinpage" time="0.003"/>
</testsuite> <!-- TestNGAnnotations.priorityTestNG -->
