<?xml version="1.0" encoding="UTF-8"?>
<!-- Generated by org.testng.reporters.JUnitReportReporter -->
<testsuite hostname="DESKTOP-8C2ENBF" failures="0" tests="3" name="TestNG.priorityTestNG" time="0.029" errors="0" timestamp="2025-10-21T12:22:02 IST" skipped="0">
  <testcase classname="TestNG.priorityTestNG" name="logout" time="0.023"/>
  <testcase classname="TestNG.priorityTestNG" name="login" time="0.002"/>
  <testcase classname="TestNG.priorityTestNG" name="navigatetologinpage" time="0.004"/>
</testsuite> <!-- TestNG.priorityTestNG -->
