<?xml version="1.0" encoding="UTF-8"?>
<!-- Generated by org.testng.reporters.JUnitReportReporter -->
<testsuite hostname="DESKTOP-8C2ENBF" failures="0" tests="3" name="TestNGGrouping.signupTest" time="0.023" errors="0" timestamp="2025-10-21T22:45:47 IST" skipped="0">
  <testcase classname="TestNGGrouping.signupTest" name="navigatetoUrl" time="0.018"/>
  <testcase classname="TestNGGrouping.signupTest" name="signup" time="0.003"/>
  <testcase classname="TestNGGrouping.signupTest" name="signout" time="0.002"/>
</testsuite> <!-- TestNGGrouping.signupTest -->
