<?xml version="1.0" encoding="UTF-8"?>
<!-- Generated by org.testng.reporters.JUnitReportReporter -->
<testsuite hostname="DESKTOP-8C2ENBF" failures="0" tests="2" name="TestNGAnnotations.annotationbeforeclassafterclass" time="0.019" errors="0" timestamp="2025-10-21T13:37:53 IST" skipped="0">
  <testcase classname="TestNGAnnotations.annotationbeforeclassafterclass" name="search" time="0.015"/>
  <testcase classname="TestNGAnnotations.annotationbeforeclassafterclass" name="advserach" time="0.004"/>
</testsuite> <!-- TestNGAnnotations.annotationbeforeclassafterclass -->
