<?xml version="1.0" encoding="UTF-8"?>
<!-- Generated by org.testng.reporters.JUnitReportReporter -->
<testsuite hostname="DESKTOP-8C2ENBF" failures="0" tests="3" name="TestNGGrouping.loginTest" time="0.029" errors="0" timestamp="2025-10-21T22:47:19 IST" skipped="0">
  <testcase classname="TestNGGrouping.loginTest" name="openapp" time="0.020"/>
  <testcase classname="TestNGGrouping.loginTest" name="login" time="0.006"/>
  <testcase classname="TestNGGrouping.loginTest" name="logout" time="0.003"/>
</testsuite> <!-- TestNGGrouping.loginTest -->
