<?xml version="1.0" encoding="UTF-8"?>
<!-- Generated by org.testng.reporters.JUnitReportReporter -->
<testsuite hostname="DESKTOP-8C2ENBF" failures="0" tests="2" name="TestNG.annotationbeforeandaftermethod" time="0.078" errors="0" timestamp="2025-10-21T12:54:21 IST" skipped="0">
  <testcase classname="TestNG.annotationbeforeandaftermethod" name="search" time="0.038"/>
  <testcase classname="TestNG.annotationbeforeandaftermethod" name="advserach" time="0.040"/>
</testsuite> <!-- TestNG.annotationbeforeandaftermethod -->
