<?xml version="1.0" encoding="UTF-8"?>
<!-- Generated by org.testng.reporters.JUnitReportReporter -->
<testsuite hostname="DESKTOP-8C2ENBF" failures="0" tests="4" name="TestNGAnnotations.OrangeHRMTest" time="27.362" errors="0" timestamp="2025-10-21T12:22:02 IST" skipped="0">
  <testcase classname="TestNGAnnotations.OrangeHRMTest" name="openapplication" time="15.189"/>
  <testcase classname="TestNGAnnotations.OrangeHRMTest" name="testLogo" time="5.105"/>
  <testcase classname="TestNGAnnotations.OrangeHRMTest" name="login" time="6.773"/>
  <testcase classname="TestNGAnnotations.OrangeHRMTest" name="logout" time="0.295"/>
</testsuite> <!-- TestNGAnnotations.OrangeHRMTest -->
