<?xml version="1.0" encoding="UTF-8"?>
<!-- Generated by org.testng.reporters.JUnitReportReporter -->
<testsuite hostname="DESKTOP-8C2ENBF" failures="0" tests="2" name="TestNGAnnotations.annotationbeforesuiteandaftersuite" time="0.006" errors="0" timestamp="2025-10-21T15:48:50 IST" skipped="0">
  <testcase classname="TestNGAnnotations.annotationbeforesuiteandaftersuite" name="check" time="0.003"/>
  <testcase classname="TestNGAnnotations.annotationbeforesuiteandaftersuite" name="check" time="0.003"/>
</testsuite> <!-- TestNGAnnotations.annotationbeforesuiteandaftersuite -->
