<?xml version="1.0" encoding="UTF-8"?>
<!-- Generated by org.testng.reporters.JUnitReportReporter -->
<testsuite hostname="DESKTOP-8C2ENBF" failures="0" tests="9" name="TestNGDataProvider.parallelTesting" time="41.974" errors="0" timestamp="2025-10-22T16:13:15 IST" skipped="0">
  <testcase classname="TestNGDataProvider.parallelTesting" name="testlogo" time="3.163"/>
  <testcase classname="TestNGDataProvider.parallelTesting" name="testlogo" time="3.061"/>
  <testcase classname="TestNGDataProvider.parallelTesting" name="testlogo" time="3.110"/>
  <testcase classname="TestNGDataProvider.parallelTesting" name="testlogin" time="3.464"/>
  <testcase classname="TestNGDataProvider.parallelTesting" name="testlogin" time="3.908"/>
  <testcase classname="TestNGDataProvider.parallelTesting" name="testlogin" time="4.196"/>
  <testcase classname="TestNGDataProvider.parallelTesting" name="logout" time="7.257"/>
  <testcase classname="TestNGDataProvider.parallelTesting" name="logout" time="6.696"/>
  <testcase classname="TestNGDataProvider.parallelTesting" name="logout" time="7.119"/>
</testsuite> <!-- TestNGDataProvider.parallelTesting -->
