<?xml version="1.0" encoding="UTF-8"?>
<testng-results ignored="0" total="1" passed="1" failed="0" skipped="0">
  <reporter-output>
  </reporter-output>
  <suite started-at="2025-10-25T01:22:17 IST" name="Suite" finished-at="2025-10-25T01:23:04 IST" duration-ms="46490">
    <groups>
    </groups>
    <test started-at="2025-10-25T01:22:17 IST" name="POMStructure" finished-at="2025-10-25T01:23:04 IST" duration-ms="46490">
      <class name="POM.loginTest">
        <test-method is-config="true" signature="setup()[pri:0, instance:POM.loginTest@36bc55de]" started-at="2025-10-25T01:22:17 IST" name="setup" finished-at="2025-10-25T01:22:40 IST" duration-ms="22783" status="PASS">
          <reporter-output>
          </reporter-output>
        </test-method> <!-- setup -->
        <test-method signature="login()[pri:0, instance:POM.loginTest@36bc55de]" started-at="2025-10-25T01:22:40 IST" name="login" finished-at="2025-10-25T01:23:03 IST" duration-ms="23201" status="PASS">
          <reporter-output>
          </reporter-output>
        </test-method> <!-- login -->
        <test-method is-config="true" signature="tearDown()[pri:0, instance:POM.loginTest@36bc55de]" started-at="2025-10-25T01:23:03 IST" name="tearDown" finished-at="2025-10-25T01:23:04 IST" duration-ms="377" status="PASS">
          <reporter-output>
          </reporter-output>
        </test-method> <!-- tearDown -->
      </class> <!-- POM.loginTest -->
    </test> <!-- POMStructure -->
  </suite> <!-- Suite -->
</testng-results>
