<?xml version="1.0" encoding="UTF-8"?>
<testng-results ignored="6" total="8" passed="2" failed="0" skipped="0">
  <reporter-output>
  </reporter-output>
  <suite started-at="2025-10-21T22:47:50 IST" name="Suite" finished-at="2025-10-21T22:47:50 IST" duration-ms="132">
    <groups>
      <group name="functional">
        <method signature="paymentTest.paymentinrupess()[pri:2, instance:TestNgGrouping.paymentTest@71809907]" name="paymentinrupess" class="TestNgGrouping.paymentTest"/>
        <method signature="paymentTest.paymentindollar()[pri:3, instance:TestNgGrouping.paymentTest@71809907]" name="paymentindollar" class="TestNgGrouping.paymentTest"/>
      </group> <!-- functional -->
      <group name="regression">
        <method signature="paymentTest.paymentinrupess()[pri:2, instance:TestNgGrouping.paymentTest@71809907]" name="paymentinrupess" class="TestNgGrouping.paymentTest"/>
        <method signature="paymentTest.paymentindollar()[pri:3, instance:TestNgGrouping.paymentTest@71809907]" name="paymentindollar" class="TestNgGrouping.paymentTest"/>
      </group> <!-- regression -->
      <group name="sanity">
        <method signature="paymentTest.paymentinrupess()[pri:2, instance:TestNgGrouping.paymentTest@71809907]" name="paymentinrupess" class="TestNgGrouping.paymentTest"/>
        <method signature="paymentTest.paymentindollar()[pri:3, instance:TestNgGrouping.paymentTest@71809907]" name="paymentindollar" class="TestNgGrouping.paymentTest"/>
      </group> <!-- sanity -->
    </groups>
    <test started-at="2025-10-21T22:47:50 IST" name="GroupingTest" finished-at="2025-10-21T22:47:50 IST" duration-ms="132">
      <class name="TestNgGrouping.paymentTest">
        <test-method signature="paymentinrupess()[pri:2, instance:TestNgGrouping.paymentTest@71809907]" started-at="2025-10-21T22:47:50 IST" name="paymentinrupess" finished-at="2025-10-21T22:47:50 IST" duration-ms="27" status="PASS">
          <reporter-output>
          </reporter-output>
        </test-method> <!-- paymentinrupess -->
        <test-method signature="paymentindollar()[pri:3, instance:TestNgGrouping.paymentTest@71809907]" started-at="2025-10-21T22:47:50 IST" name="paymentindollar" finished-at="2025-10-21T22:47:50 IST" duration-ms="4" status="PASS">
          <reporter-output>
          </reporter-output>
        </test-method> <!-- paymentindollar -->
      </class> <!-- TestNgGrouping.paymentTest -->
    </test> <!-- GroupingTest -->
  </suite> <!-- Suite -->
</testng-results>
