<?xml version="1.0" encoding="UTF-8"?>
<!-- Generated by org.testng.reporters.JUnitXMLReporter -->
<testsuite ignored="6" hostname="DESKTOP-8C2ENBF" failures="0" tests="2" name="GroupingTest" time="0.132" errors="0" timestamp="2025-10-21T22:47:50 IST">
  <testcase classname="TestNGGrouping.paymentTest" name="paymentinrupess" time="0.027"/>
  <testcase classname="TestNGGrouping.paymentTest" name="paymentindollar" time="0.004"/>
  <testcase classname="TestNGGrouping.loginTest" name="logout" time="0.0">
    <ignored/>
  </testcase> <!-- logout -->
  <testcase classname="TestNGGrouping.signupTest" name="navigatetoUrl" time="0.0">
    <ignored/>
  </testcase> <!-- navigatetoUrl -->
  <testcase classname="TestNGGrouping.loginTest" name="openapp" time="0.0">
    <ignored/>
  </testcase> <!-- openapp -->
  <testcase classname="TestNGGrouping.signupTest" name="signout" time="0.0">
    <ignored/>
  </testcase> <!-- signout -->
  <testcase classname="TestNGGrouping.signupTest" name="signup" time="0.0">
    <ignored/>
  </testcase> <!-- signup -->
  <testcase classname="TestNGGrouping.loginTest" name="login" time="0.0">
    <ignored/>
  </testcase> <!-- login -->
</testsuite> <!-- GroupingTest -->
